# The contents of this file are subject to the terms of the Common Development and
# Distribution License (the License). You may not use this file except in compliance with the
# License.
#
# You can obtain a copy of the License at legal/CDDLv1.0.txt. See the License for the
# specific language governing permission and limitations under the License.
#
# When distributing Covered Software, include this CDDL Header Notice in each file and include
# the License file at legal/CDDLv1.0.txt. If applicable, add the following below the CDDL
# Header, with the fields enclosed by brackets [] replaced by your own identifying
# information: "Portions Copyright [year] [name of copyright owner]".
#
# Copyright 2006-2010 Sun Microsystems, Inc.
# Portions Copyright 2011-2016 ForgeRock AS.



#
# Global directives
#
#global.category=EXTENSIONS

#
# Format string definitions
#
# Keys must be formatted as follows:
#
# [SEVERITY]_[DESCRIPTION]_[ORDINAL]
#
# where:
#
# SEVERITY is one of:
# [ERR, WARN, NOTICE, INFO, DEBUG]
#
# DESCRIPTION is an upper case string providing a hint as to the context of
# the message in upper case with the underscore ('_') character serving as
# word separator
#
# ORDINAL is an integer unique among other ordinals in this file
#
ERR_PWSCHEME_CANNOT_INITIALIZE_MESSAGE_DIGEST_1=An error occurred \
 while attempting to initialize the message digest generator for the %s \
 algorithm: %s
ERR_PWSCHEME_CANNOT_BASE64_DECODE_STORED_PASSWORD_2=An error occurred \
 while attempting to base64-decode the password value %s: %s
ERR_PWSCHEME_NOT_REVERSIBLE_3=The %s password storage scheme is not \
 reversible, so it is impossible to recover the plaintext version of an \
 encoded password
ERR_JMX_ALERT_HANDLER_CANNOT_REGISTER_4=An error occurred while trying \
 to register the JMX alert handler with the MBean server: %s
ERR_PWSCHEME_CANNOT_ENCODE_PASSWORD_5=An unexpected error occurred while \
 attempting to encode a password using the storage scheme defined in class %s: \
 %s
ERR_CACHE_INVALID_INCLUDE_FILTER_6=The ds-cfg-include-filter \
 attribute of configuration entry %s, which specifies a set of search filters \
 that may be used to control which entries are included in the cache, has an \
 invalid value of "%s": %s
ERR_CACHE_INVALID_EXCLUDE_FILTER_7=The ds-cfg-exclude-filter \
 attribute of configuration entry %s, which specifies a set of search filters \
 that may be used to control which entries are excluded from the cache, has an \
 invalid value of "%s": %s
ERR_FIFOCACHE_CANNOT_INITIALIZE_8=A fatal error occurred while trying \
 to initialize fifo entry cache: %s
ERR_SOFTREFCACHE_CANNOT_INITIALIZE_9=A fatal error occurred while \
 trying to initialize soft reference entry cache: %s
ERR_EXTOP_PASSMOD_CANNOT_DECODE_REQUEST_33=An unexpected error occurred \
 while attempting to decode the password modify extended request sequence: %s
ERR_EXTOP_PASSMOD_NO_AUTH_OR_USERID_34=The password modify extended \
 request cannot be processed because it does not contain an authorization ID \
 and the underlying connection is not authenticated
ERR_EXTOP_PASSMOD_CANNOT_LOCK_USER_ENTRY_35=The password modify \
 extended request cannot be processed because the server was unable to obtain \
 a write lock on user entry %s after multiple attempts
ERR_EXTOP_PASSMOD_CANNOT_DECODE_AUTHZ_DN_36=The password modify extended \
 request cannot be processed because the server cannot decode "%s" as a valid \
 DN for use in the authorization ID for the operation
ERR_EXTOP_PASSMOD_INVALID_AUTHZID_STRING_37=The password modify extended \
 request cannot be processed because it contained an invalid userIdentity \
 field. The provided userIdentity string was "%s"
ERR_EXTOP_PASSMOD_NO_USER_ENTRY_BY_AUTHZID_38=The password modify \
 extended request cannot be processed because it was not possible to identify \
 the user entry to update based on the authorization DN of "%s"
ERR_EXTOP_PASSMOD_INVALID_OLD_PASSWORD_41=The password modify extended \
 operation cannot be processed because the current password provided for the \
 user is invalid
INFO_FILE_KEYMANAGER_DESCRIPTION_FILE_43=Path to the file \
 containing the Directory Server keystore information. Changes to this \
 configuration attribute will take effect the next time that the key manager \
 is accessed
ERR_FILE_KEYMANAGER_NO_SUCH_FILE_45=The keystore file %s specified in \
 attribute ds-cfg-key-store-file of configuration entry %s does not exist
ERR_FILE_KEYMANAGER_CANNOT_DETERMINE_FILE_46=An unexpected error \
 occurred while trying to determine the value of configuration attribute \
 ds-cfg-key-store-file in configuration entry %s: %s
ERR_FILE_KEYMANAGER_PIN_PROPERTY_NOT_SET_50=Java property %s which is \
 specified in attribute ds-cfg-key-store-pin-property of configuration entry \
 %s should contain the PIN needed to access the file-based key manager, but \
 this property is not set
ERR_FILE_KEYMANAGER_PIN_ENVAR_NOT_SET_53=Environment variable %s which \
 is specified in attribute ds-cfg-key-store-pin-environment-variable of \
 configuration entry %s should contain the PIN needed to access the file-based \
 key manager, but this property is not set
ERR_FILE_KEYMANAGER_PIN_NO_SUCH_FILE_56=File %s specified in attribute \
 ds-cfg-key-store-pin-file of configuration entry %s should contain the PIN \
 needed to access the file-based key manager, but this file does not exist
ERR_FILE_KEYMANAGER_PIN_FILE_CANNOT_READ_57=An error occurred while \
 trying to read the keystore PIN from file %s specified in configuration \
 attribute ds-cfg-key-store-pin-file of configuration entry %s: %s
ERR_FILE_KEYMANAGER_PIN_FILE_EMPTY_58=File %s specified in attribute \
 ds-cfg-key-store-pin-file of configuration entry %s should contain the PIN \
 needed to access the file-based key manager, but this file is empty
ERR_FILE_KEYMANAGER_CANNOT_LOAD_62=An error occurred while trying to \
 load the keystore contents from file %s: %s
ERR_FILE_KEYMANAGER_INVALID_TYPE_63=The keystore type %s specified in \
 attribute ds-cfg-key-store-type of configuration entry %s is not valid: %s
ERR_PKCS11_KEYMANAGER_PIN_PROPERTY_NOT_SET_68=Java property %s which \
 is specified in attribute ds-cfg-key-store-pin-property of configuration \
 entry %s should contain the PIN needed to access the PKCS#11 key manager, but \
 this property is not set
ERR_PKCS11_KEYMANAGER_PIN_ENVAR_NOT_SET_71=Environment variable %s \
 which is specified in attribute ds-cfg-key-store-pin-environment-variable of \
 configuration entry %s should contain the PIN needed to access the PKCS#11 \
 key manager, but this property is not set
ERR_PKCS11_KEYMANAGER_PIN_NO_SUCH_FILE_74=File %s specified in \
 attribute ds-cfg-key-store-pin-file of configuration entry %s should contain \
 the PIN needed to access the PKCS#11 key manager, but this file does not \
 exist
ERR_PKCS11_KEYMANAGER_PIN_FILE_CANNOT_READ_75=An error occurred while \
 trying to read the keystore PIN from file %s specified in configuration \
 attribute ds-cfg-key-store-pin-file of configuration entry %s: %s
ERR_PKCS11_KEYMANAGER_PIN_FILE_EMPTY_76=File %s specified in attribute \
 ds-cfg-key-store-pin-file of configuration entry %s should contain the PIN \
 needed to access the PKCS#11 key manager, but this file is empty
ERR_PKCS11_KEYMANAGER_CANNOT_DETERMINE_PIN_FROM_ATTR_79=An unexpected \
 error occurred while trying to determine the value of configuration attribute \
 ds-cfg-key-store-pin in configuration entry %s: %s
ERR_PKCS11_KEYMANAGER_CANNOT_LOAD_81=An error occurred while trying to \
 access the PKCS#11 key manager: %s
ERR_FILE_KEYMANAGER_CANNOT_CREATE_FACTORY_83=An error occurred while \
 trying to create a key manager factory to access the contents of keystore \
 file %s: %s
ERR_PKCS11_KEYMANAGER_CANNOT_CREATE_FACTORY_84=An error occurred while \
 trying to create a key manager factory to access the contents of the PKCS#11 \
 keystore: %s
ERR_FILE_TRUSTMANAGER_NO_SUCH_FILE_87=The trust store file %s \
 specified in attribute ds-cfg-trust-store-file of configuration entry %s does \
 not exist
ERR_FILE_TRUSTMANAGER_CANNOT_DETERMINE_FILE_88=An unexpected error \
 occurred while trying to determine the value of configuration attribute \
 ds-cfg-trust-store-file in configuration entry %s: %s
ERR_FILE_TRUSTMANAGER_PIN_PROPERTY_NOT_SET_92=Java property %s which \
 is specified in attribute ds-cfg-trust-store-pin-property of configuration \
 entry %s should contain the PIN needed to access the file-based trust \
 manager, but this property is not set
ERR_FILE_TRUSTMANAGER_PIN_ENVAR_NOT_SET_95=Environment variable %s \
 which is specified in attribute ds-cfg-trust-store-pin-environment-variable \
 of configuration entry %s should contain the PIN needed to access the \
 file-based trust manager, but this property is not set
ERR_FILE_TRUSTMANAGER_PIN_NO_SUCH_FILE_98=File %s specified in \
 attribute ds-cfg-trust-store-pin-file of configuration entry %s should \
 contain the PIN needed to access the file-based trust manager, but this file \
 does not exist
ERR_FILE_TRUSTMANAGER_PIN_FILE_CANNOT_READ_99=An error occurred while \
 trying to read the trust store PIN from file %s specified in configuration \
 attribute ds-cfg-trust-store-pin-file of configuration entry %s: %s
ERR_FILE_TRUSTMANAGER_PIN_FILE_EMPTY_100=File %s specified in \
 attribute ds-cfg-trust-store-pin-file of configuration entry %s should \
 contain the PIN needed to access the file-based trust manager, but this file \
 is empty
ERR_FILE_TRUSTMANAGER_CANNOT_LOAD_104=An error occurred while trying \
 to load the trust store contents from file %s: %s
ERR_FILE_TRUSTMANAGER_CANNOT_CREATE_FACTORY_105=An error occurred \
 while trying to create a trust manager factory to access the contents of \
 trust store file %s: %s
ERR_FILE_TRUSTMANAGER_INVALID_TYPE_106=The trust store type %s \
 specified in attribute ds-cfg-trust-store-type of configuration entry %s is \
 not valid: %s
ERR_SEDCM_NO_PEER_CERTIFICATE_118=Could not map the provided certificate \
 chain to a user entry because no peer certificate was available
ERR_SEDCM_PEER_CERT_NOT_X509_119=Could not map the provided certificate \
 chain to a user because the peer certificate was not an X.509 certificate \
 (peer certificate format was %s)
ERR_SEDCM_CANNOT_DECODE_SUBJECT_AS_DN_120=Could not map the provided \
 certificate chain to a user because the peer certificate subject "%s" could \
 not be decoded as an LDAP DN: %s
ERR_SEDCM_CANNOT_GET_ENTRY_121=Could not map the provided certificate \
 chain to a user because an error occurred while attempting to retrieve the \
 user entry with DN "%s": %s
ERR_SEDCM_NO_USER_FOR_DN_122=Could not map the provided certificate \
 chain to a user because no user entry exists with a DN of %s
ERR_SASLEXTERNAL_NO_CLIENT_CONNECTION_123=The SASL EXTERNAL bind request \
 could not be processed because the associated bind request does not have a \
 reference to the client connection
ERR_SASLEXTERNAL_NOT_LDAP_CLIENT_INSTANCE_124=The SASL EXTERNAL bind \
request could not be processed because the associated client connection \
instance is not an instance of LDAPClientConnection
ERR_SASLEXTERNAL_NO_CLIENT_CERT_126=The SASL EXTERNAL bind request could \
 not be processed because the client did not present a certificate chain \
 during SSL/TLS negotiation
ERR_SASLEXTERNAL_NO_MAPPING_127=The SASL EXTERNAL bind request failed \
 because the certificate chain presented by the client during SSL/TLS \
 negotiation could not be mapped to a user entry in the Directory Server
ERR_STARTTLS_NO_CLIENT_CONNECTION_128=StartTLS cannot be used on this \
 connection because the underlying client connection is not available
ERR_STARTTLS_NOT_TLS_CAPABLE_129=StartTLS cannot be used on this client \
 connection because this connection type is not capable of using StartTLS to \
 protect its communication
ERR_SASLEXTERNAL_NO_CERT_IN_ENTRY_137=Unable to authenticate via SASL \
 EXTERNAL because the mapped user entry %s does not have any certificates with \
 which to verify the presented peer certificate
ERR_SASLEXTERNAL_PEER_CERT_NOT_FOUND_138=Unable to authenticate via SASL \
 EXTERNAL because the mapped user entry %s did not contain the peer \
 certificate presented by the client
ERR_SASLEXTERNAL_CANNOT_VALIDATE_CERT_139=An error occurred while \
 attempting to validate the peer certificate presented by the client with a \
 certificate from the user's entry %s: %s
ERR_SASLPLAIN_NO_SASL_CREDENTIALS_147=SASL PLAIN authentication requires \
 that SASL credentials be provided but none were included in the bind request
ERR_SASLPLAIN_NO_NULLS_IN_CREDENTIALS_148=The SASL PLAIN bind request \
 did not include any NULL characters. NULL characters are required as \
 delimiters between the authorization ID and authentication ID, and also \
 between the authentication ID and the password
ERR_SASLPLAIN_NO_SECOND_NULL_149=The SASL PLAIN bind request did not \
 include a second NULL character in the credentials, which is required as a \
 delimiter between the authentication ID and the password
ERR_SASLPLAIN_ZERO_LENGTH_AUTHCID_150=The authentication ID contained in \
 the SASL PLAIN bind request had a length of zero characters, which is not \
 allowed. SASL PLAIN authentication does not allow an empty string for use as \
 the authentication ID
ERR_SASLPLAIN_ZERO_LENGTH_PASSWORD_151=The password contained in the \
 SASL PLAIN bind request had a length of zero characters, which is not \
 allowed. SASL PLAIN authentication does not allow an empty string for use as \
 the password
ERR_SASLPLAIN_CANNOT_DECODE_AUTHCID_AS_DN_152=An error occurred while \
 attempting to decode the SASL PLAIN authentication ID "%s" because it \
 appeared to contain a DN but DN decoding failed: %s
ERR_SASLPLAIN_AUTHCID_IS_NULL_DN_153=The authentication ID in the SASL \
 PLAIN bind request appears to be an empty DN. This is not allowed
ERR_SASLPLAIN_CANNOT_GET_ENTRY_BY_DN_154=An error occurred while \
 attempting to retrieve user entry %s as specified in the DN-based \
 authentication ID of a SASL PLAIN bind request: %s
ERR_SASLPLAIN_NO_MATCHING_ENTRIES_157=The server was not able to find \
 any user entries for the provided authentication ID of %s
ERR_SASLPLAIN_INVALID_PASSWORD_160=The provided password is invalid
ERR_SASLCRAMMD5_CANNOT_GET_MESSAGE_DIGEST_166=An unexpected error \
 occurred while attempting to obtain an MD5 digest engine for use by the \
 CRAM-MD5 SASL handler: %s
ERR_SASLCRAMMD5_NO_STORED_CHALLENGE_172=The SASL CRAM-MD5 bind request \
 contained SASL credentials but there is no stored challenge for this client \
 connection. The first CRAM-MD5 bind request in the two-stage process must \
 not contain client SASL credentials
ERR_SASLCRAMMD5_INVALID_STORED_CHALLENGE_173=The SASL CRAM-MD5 bind \
 request contained SASL credentials, but the stored SASL state information for \
 this client connection is not in an appropriate form for the challenge
ERR_SASLCRAMMD5_NO_SPACE_IN_CREDENTIALS_174=The SASL CRAM-MD5 bind \
 request from the client included SASL credentials but there was no space to \
 separate the username from the authentication digest
ERR_SASLCRAMMD5_INVALID_DIGEST_LENGTH_175=The SASL CRAM-MD5 bind request \
 included SASL credentials, but the decoded digest string had an invalid \
 length of %d bytes rather than the %d bytes expected for a hex representation \
 of an MD5 digest
ERR_SASLCRAMMD5_INVALID_DIGEST_CONTENT_176=The SASL CRAM-MD5 bind \
 request included SASL credentials, but the decoded digest was not comprised \
 of only hexadecimal digits: %s
ERR_SASLCRAMMD5_CANNOT_DECODE_USERNAME_AS_DN_177=An error occurred while \
 attempting to decode the SASL CRAM-MD5 username "%s" because it appeared to \
 contain a DN but DN decoding failed: %s
ERR_SASLCRAMMD5_USERNAME_IS_NULL_DN_178=The username in the SASL \
 CRAM-MD5 bind request appears to be an empty DN. This is not allowed
ERR_SASLCRAMMD5_CANNOT_GET_ENTRY_BY_DN_180=An error occurred while \
 attempting to retrieve user entry %s as specified in the DN-based username of \
 a SASL CRAM-MD5 bind request: %s
ERR_SASLCRAMMD5_NO_MATCHING_ENTRIES_184=The server was not able to find \
 any user entries for the provided username of %s
ERR_SASLCRAMMD5_INVALID_PASSWORD_188=The provided password is invalid
ERR_SASLCRAMMD5_NO_REVERSIBLE_PASSWORDS_189=SASL CRAM-MD5 authentication \
 is not possible for user %s because none of the passwords in the user entry \
 are stored in a reversible form
INFO_SASL_UNSUPPORTED_CALLBACK_192=An unsupported or unexpected callback was \
 provided to the SASL server for use during %s authentication: %s
ERR_SASL_NO_CREDENTIALS_193=The client connection included \
 %s state information, indicating that the client was in the process \
 of performing a %s bind, but the bind request did not include any \
 credentials
ERR_SASL_CANNOT_GET_SERVER_FQDN_194=An unexpected error occurred \
 while attempting to determine the value of the ds-cfg-server-fqdn attribute \
 in configuration entry %s: %s
ERR_SASL_CONTEXT_CREATE_ERROR_195=An unexpected error occurred while \
 trying to create an %s context: %s
ERR_SASL_CANNOT_DECODE_USERNAME_AS_DN_196=An error occurred \
 while attempting to decode the SASL %s username "%s" because it \
 appeared to contain a DN but DN decoding failed: %s
ERR_SASL_USERNAME_IS_NULL_DN_197=The username in the SASL \
 %s bind request appears to be an empty DN. This is not allowed
ERR_SASL_CANNOT_GET_ENTRY_BY_DN_199=An error occurred while \
 attempting to retrieve user entry %s as specified in the DN-based username of \
 a SASL %s bind request: %s
ERR_SASL_ZERO_LENGTH_USERNAME_200=The username contained in the \
 SASL %s bind request had a length of zero characters, which is not \
 allowed. %s authentication does not allow an empty string for use as \
 the username
ERR_SASL_NO_MATCHING_ENTRIES_201=The server was not able to \
 find any user entries for the provided username of %s
ERR_SASL_AUTHZID_INVALID_DN_202=The provided authorization ID \
 %s contained an invalid DN: %s
ERR_SASL_AUTHZID_NO_SUCH_ENTRY_203=The entry %s specified as \
 the authorization identity does not exist
ERR_SASL_AUTHZID_CANNOT_GET_ENTRY_204=The entry %s specified as \
 the authorization identity could not be retrieved: %s
ERR_SASL_AUTHZID_NO_MAPPED_ENTRY_205=The server was unable to \
 find any entry corresponding to authorization ID %s
ERR_SASL_CANNOT_GET_REVERSIBLE_PASSWORDS_207=An error occurred \
 while attempting to retrieve the clear-text password(s) for user %s in order \
 to perform SASL %s authentication: %s
ERR_SASL_NO_REVERSIBLE_PASSWORDS_208=SASL %s \
 authentication is not possible for user %s because none of the passwords in \
 the user entry are stored in a reversible form
ERR_SASL_PROTOCOL_ERROR_209=SASL %s protocol error: %s
ERR_SASL_AUTHZID_INSUFFICIENT_PRIVILEGES_210=The authenticating \
 user %s does not have sufficient privileges to assume a different \
 authorization identity
ERR_SASL_AUTHZID_INSUFFICIENT_ACCESS_211=The authenticating \
 user %s does not have sufficient access to assume a different \
 authorization identity
ERR_SASL_AUTHENTRY_NO_MAPPED_ENTRY_212=The server was unable to \
 find any entry corresponding to authentication ID %s
ERR_SASLGSSAPI_KDC_REALM_NOT_DEFINED_213=The server was unable to \
 because both the ds-cfg-kdc-address and ds-cfg-realm attributes must be \
 defined or neither defined
ERR_SASL_CANNOT_MAP_AUTHENTRY_214=An error occurred while \
 attempting to map authorization ID %s to a user entry: %s
ERR_SASLGSSAPI_CANNOT_CREATE_JAAS_CONFIG_215=An error occurred while \
 attempting to write a temporary JAAS configuration file for use during GSSAPI \
 processing: %s
ERR_SASLGSSAPI_CANNOT_CREATE_LOGIN_CONTEXT_216=An error occurred while \
 attempting to create the JAAS login context for GSSAPI authentication: %s
ERR_SASLGSSAPI_NO_CLIENT_CONNECTION_217=No client connection was \
 available for use in processing the GSSAPI bind request
INFO_GSSAPI_PRINCIPAL_NAME_218=GSSAPI mechanism using a principal name of: %s
INFO_GSSAPI_SERVER_FQDN_219=GSSAPI SASL mechanism using a server fully \
 qualified domain name of: %s
INFO_DIGEST_MD5_REALM_220=DIGEST-MD5 SASL mechanism using a realm of: %s
NOTE_DIGEST_MD5_SERVER_FQDN_221=DIGEST-MD5 SASL mechanism using a server \
 fully qualified domain name of: %s
ERR_EXTOP_WHOAMI_PROXYAUTH_INSUFFICIENT_PRIVILEGES_277=You do not have \
 sufficient privileges to use the proxied authorization control
ERR_EXACTMAP_MULTIPLE_MATCHING_ENTRIES_306=ID string %s mapped to \
 multiple users
ERR_EXACTMAP_INEFFICIENT_SEARCH_307=The internal search based on ID \
 string %s could not be processed efficiently: %s. Check the server \
 configuration to ensure that all associated backends are properly configured \
 for these types of searches
ERR_EXACTMAP_SEARCH_FAILED_308=An internal failure occurred while \
 attempting to resolve ID string %s to a user entry: %s
ERR_SASLCRAMMD5_CANNOT_MAP_USERNAME_313=An error occurred while \
 attempting to map username %s to a Directory Server entry: %s
ERR_SASLDIGESTMD5_CANNOT_MAP_USERNAME_319=An error occurred while \
 attempting to map username %s to a Directory Server entry: %s
ERR_SASLPLAIN_CANNOT_MAP_USERNAME_325=An error occurred while attempting \
 to map username %s to a Directory Server entry: %s
ERR_EXTOP_CANCEL_NO_REQUEST_VALUE_327=Unable to process the cancel \
 request because the extended operation did not include a request value
ERR_EXTOP_CANCEL_CANNOT_DECODE_REQUEST_VALUE_328=An error occurred while \
 attempting to decode the value of the cancel extended request: %s
INFO_EXTOP_CANCEL_REASON_329=Processing on this operation was terminated as a \
 result of receiving a cancel request (message ID %d)
ERR_PWSCHEME_DOES_NOT_SUPPORT_AUTH_PASSWORD_330=Password storage scheme \
 %s does not support use with the authentication password attribute syntax
ERR_PWLENGTHVALIDATOR_MIN_GREATER_THAN_MAX_335=The configured minimum \
 password length of %d characters is greater than the configured maximum \
 password length of %d
ERR_PWLENGTHVALIDATOR_TOO_SHORT_336=The provided password is shorter \
 than the minimum required length of %d characters
ERR_PWLENGTHVALIDATOR_TOO_LONG_337=The provided password is longer than \
 the maximum allowed length of %d characters
ERR_RANDOMPWGEN_NO_CHARSETS_341=Configuration entry "%s" does not \
 contain attribute ds-cfg-password-character-set which specifies the sets of \
 characters that should be used when generating the password. This is a \
 required attribute
ERR_RANDOMPWGEN_CHARSET_NAME_CONFLICT_342=Configuration entry "%s" \
 contains multiple definitions for the %s character set
ERR_RANDOMPWGEN_CANNOT_DETERMINE_CHARSETS_343=An error occurred while \
 attempting to decode the value(s) of the configuration attribute \
 ds-cfg-password-character-set, which is used to hold the character set(s) for \
 use in generating the password: %s
ERR_RANDOMPWGEN_UNKNOWN_CHARSET_346=The password format string "%s" \
 references an undefined character set "%s"
ERR_RANDOMPWGEN_INVALID_PWFORMAT_347=The password format string "%s" \
 contains an invalid syntax. This value should be a comma-delimited sequence \
 of elements, where each element is the name of a character set followed by a \
 colon and the number of characters to choose at random from that character \
 set
ERR_RANDOMPWGEN_CANNOT_DETERMINE_PWFORMAT_348=An error occurred while \
 attempting to decode the value for configuration attribute \
 ds-cfg-password-format, which is used to specify the format for the generated \
 passwords: %s
ERR_EXTOP_PASSMOD_CANNOT_GET_PW_POLICY_354=An error occurred while \
 attempting to get the password policy for user %s: %s
ERR_EXTOP_PASSMOD_REQUIRE_CURRENT_PW_355=The current password must be \
 provided for self password changes
ERR_EXTOP_PASSMOD_SECURE_AUTH_REQUIRED_356=Password modify operations \
 that supply the user's current password must be performed over a secure \
 communication channel
ERR_EXTOP_PASSMOD_USER_PW_CHANGES_NOT_ALLOWED_357=End users are not \
 allowed to change their passwords
ERR_EXTOP_PASSMOD_SECURE_CHANGES_REQUIRED_358=Password changes must be \
 performed over a secure communication channel
ERR_EXTOP_PASSMOD_IN_MIN_AGE_359=The password cannot be changed because \
 the previous password change was too recent
ERR_EXTOP_PASSMOD_PASSWORD_IS_EXPIRED_360=The password cannot be changed \
 because it is expired
ERR_EXTOP_PASSMOD_NO_PW_GENERATOR_361=No new password was provided, and \
 no password generator has been defined that may be used to automatically \
 create a new password
ERR_EXTOP_PASSMOD_CANNOT_GENERATE_PW_362=An error occurred while \
 attempting to create a new password using the password generator: %s
ERR_EXTOP_PASSMOD_PRE_ENCODED_NOT_ALLOWED_363=The password policy does \
 not allow users to supply pre-encoded passwords
ERR_EXTOP_PASSMOD_UNACCEPTABLE_PW_364=The provided new password failed \
 the validation checks defined in the server: %s
ERR_EXTOP_PASSMOD_CANNOT_ENCODE_PASSWORD_365=Unable to encode the \
 provided password using the default scheme(s): %s
ERR_EXTOP_PASSMOD_NO_SUCH_ID_MAPPER_368=The identity mapper with \
 configuration entry DN %s as specified for use with the password modify \
 extended operation defined in entry %s either does not exist or is not \
 enabled. The identity mapper is a required component, and the password \
 modify extended operation will not be enabled
ERR_EXTOP_PASSMOD_CANNOT_DETERMINE_ID_MAPPER_369=An error occurred while \
 attempting to determine the identity mapper to use in conjunction with the \
 password modify extended operation defined in configuration entry %s: %s. \
 The password modify extended operation will not be enabled for use in the \
 server
ERR_EXTOP_PASSMOD_CANNOT_MAP_USER_370=The provided authorization ID \
 string "%s" could not be mapped to any user in the directory
ERR_EXTOP_PASSMOD_ERROR_MAPPING_USER_371=An error occurred while \
 attempting to map authorization ID string "%s" to a user entry: %s
NOTE_ERRORLOG_ACCTNOTHANDLER_NOTIFICATION_375=Account-Status-Notification \
 type='%s' userdn='%s' id=%d msg='%s'

ERR_SASLCRAMMD5_CANNOT_GET_REVERSIBLE_PASSWORDS_377=An error occurred \
 while attempting to retrieve the clear-text password(s) for user %s in order \
 to perform SASL CRAM-MD5 authentication: %s
ERR_SASLPLAIN_CANNOT_CHECK_PASSWORD_VALIDITY_378=An error occurred while \
 attempting to verify the password for user %s during SASL PLAIN \
 authentication: %s
WARN_EXTOP_PASSMOD_NOOP_380=The password modify operation was not \
 actually performed in the Directory Server because the LDAP no-op control was \
 present in the request
ERR_EXTOP_PASSMOD_ACCOUNT_DISABLED_381=The user account has been \
 administratively disabled
ERR_EXTOP_PASSMOD_ACCOUNT_LOCKED_382=The user account is locked
ERR_STATICMEMBERS_NO_SUCH_ENTRY_383=Unable to examine entry %s as a \
 potential member of static group %s because that entry does not exist in the \
 Directory Server
ERR_STATICMEMBERS_CANNOT_GET_ENTRY_384=An error occurred while \
 attempting to retrieve entry %s as a potential member of static group %s: %s
ERR_STATICGROUP_INVALID_OC_COMBINATION_385=Entry %s cannot be parsed as \
 a valid static group because static groups are not allowed to have both the \
 %s and %s object classes
ERR_STATICGROUP_NO_VALID_OC_386=Entry %s cannot be parsed as a valid \
 static group because it does not contain exactly one of the %s or the %s \
 object classes
ERR_STATICGROUP_CANNOT_DECODE_MEMBER_VALUE_AS_DN_387=Value %s for \
 attribute %s in entry %s cannot be parsed as a valid DN: %s. It will be \
 excluded from the set of group members
ERR_STATICGROUP_ADD_MEMBER_ALREADY_EXISTS_388=Cannot add user %s as a \
 new member of static group %s because that user is already in the member list \
 for the group
ERR_STATICGROUP_REMOVE_MEMBER_NO_SUCH_MEMBER_389=Cannot remove user %s \
 as a member of static group %s because that user is not included in the \
 member list for the group
ERR_STATICGROUP_ADD_MEMBER_UPDATE_FAILED_390=Cannot add user %s as a new \
 member of static group %s because an error occurred while attempting to \
 perform an internal modification to update the group: %s
ERR_STATICGROUP_REMOVE_MEMBER_UPDATE_FAILED_391=Cannot remove user %s as \
 a member of static group %s because an error occurred while attempting to \
 perform an internal modification to update the group: %s
ERR_EXTOP_PASSMOD_INSUFFICIENT_PRIVILEGES_392=You do not have sufficient \
 privileges to perform password reset operations
ERR_SASLDIGESTMD5_EMPTY_AUTHZID_393=The provided authorization ID was \
 empty, which is not allowed for DIGEST-MD5 authentication
ERR_SASLPLAIN_AUTHZID_INVALID_DN_400=The provided authorization ID %s \
 contained an invalid DN: %s
ERR_SASLPLAIN_AUTHZID_INSUFFICIENT_PRIVILEGES_401=The authenticating \
 user %s does not have sufficient privileges to specify an alternate \
 authorization ID
ERR_SASLPLAIN_AUTHZID_NO_SUCH_ENTRY_402=The entry corresponding to \
 authorization DN %s does not exist in the Directory Server
ERR_SASLPLAIN_AUTHZID_CANNOT_GET_ENTRY_403=An error occurred while \
 attempting to retrieve entry %s specified as the authorization ID: %s
ERR_SASLPLAIN_AUTHZID_NO_MAPPED_ENTRY_404=No entry corresponding to \
 authorization ID %s was found in the server
ERR_SASLPLAIN_AUTHZID_CANNOT_MAP_AUTHZID_405=An error occurred while \
 attempting to map authorization ID %s to a user entry: %s
ERR_SDTUACM_NO_PEER_CERTIFICATE_417=Could not map the provided \
 certificate chain to a user entry because no peer certificate was available
ERR_SDTUACM_PEER_CERT_NOT_X509_418=Could not map the provided \
 certificate chain to a user because the peer certificate was not an X.509 \
 certificate (peer certificate format was %s)
ERR_SDTUACM_MULTIPLE_MATCHING_ENTRIES_419=The certificate with subject \
 %s could not be mapped to exactly one user. It maps to both %s and %s
ERR_SATUACM_INVALID_MAP_FORMAT_422=Configuration entry %s has value \
 '%s' which violates the format required for attribute mappings. The expected \
 format is 'certattr:userattr'
ERR_SATUACM_DUPLICATE_CERT_ATTR_423=Configuration entry %s contains \
 multiple mappings for certificate attribute %s
ERR_SATUACM_NO_SUCH_ATTR_424=Mapping %s in configuration entry %s \
 references attribute %s which is not defined in the server schema
ERR_SATUACM_DUPLICATE_USER_ATTR_425=Configuration entry %s contains \
 multiple mappings for user attribute %s
ERR_SATUACM_NO_PEER_CERTIFICATE_429=Could not map the provided \
 certificate chain to a user entry because no peer certificate was available
ERR_SATUACM_PEER_CERT_NOT_X509_430=Could not map the provided \
 certificate chain to a user because the peer certificate was not an X.509 \
 certificate (peer certificate format was %s)
ERR_SATUACM_CANNOT_DECODE_SUBJECT_AS_DN_431=Unable to decode peer \
 certificate subject %s as a DN: %s
ERR_SATUACM_NO_MAPPABLE_ATTRIBUTES_432=Peer certificate subject %s \
 does not contain any attributes for which a mapping has been established
ERR_SATUACM_MULTIPLE_MATCHING_ENTRIES_433=The certificate with subject \
 %s could not be mapped to exactly one user. It maps to both %s and %s
ERR_FCM_NO_PEER_CERTIFICATE_443=Could not map the provided certificate \
 chain to a user entry because no peer certificate was available
ERR_FCM_PEER_CERT_NOT_X509_444=Could not map the provided certificate \
 chain to a user because the peer certificate was not an X.509 certificate \
 (peer certificate format was %s)
ERR_FCM_CANNOT_CALCULATE_FINGERPRINT_445=An error occurred while \
 attempting to calculate the fingerprint for the peer certificate with subject \
 %s: %s
ERR_FCM_MULTIPLE_MATCHING_ENTRIES_446=The certificate with fingerprint \
 %s could not be mapped to exactly one user. It maps to both %s and %s
ERR_DYNAMICGROUP_CANNOT_DECODE_MEMBERURL_447=Unable to decode value "%s" \
 in entry "%s" as an LDAP URL: %s
ERR_DYNAMICGROUP_NESTING_NOT_SUPPORTED_448=Dynamic groups do not support \
 nested groups
ERR_DYNAMICGROUP_ALTERING_MEMBERS_NOT_SUPPORTED_449=Dynamic groups do \
 not support explicitly altering their membership
WARN_DYNAMICGROUP_NONEXISTENT_BASE_DN_450=Base DN %s specified in \
 dynamic group %s does not exist in the server
ERR_DYNAMICGROUP_INTERNAL_SEARCH_FAILED_451=An error occurred while \
 attempting perform an internal search with base DN %s and filter %s to \
 resolve the member list for dynamic group %s: result code %s, error message \
 %s
ERR_DYNAMICGROUP_CANNOT_RETURN_ENTRY_452=The server encountered a \
 timeout while attempting to add user %s to the member list for dynamic group \
 %s
ERR_PWDIFFERENCEVALIDATOR_TOO_SMALL_456=The provided password differs \
 less than the minimum required difference of %d characters
ERR_REPEATEDCHARS_VALIDATOR_TOO_MANY_CONSECUTIVE_457=The provided \
 password contained too many instances of the same character appearing \
 consecutively. The maximum number of times the same character may appear \
 consecutively in a password is %d
ERR_UNIQUECHARS_VALIDATOR_NOT_ENOUGH_UNIQUE_CHARS_458=The provided \
 password does not contain enough unique characters. The minimum number of \
 unique characters that may appear in a user password is %d
ERR_VATTR_NOT_SEARCHABLE_459=The %s attribute is not \
 searchable and should not be included in otherwise unindexed search filters
ERR_DICTIONARY_VALIDATOR_PASSWORD_IN_DICTIONARY_460=The provided \
 password contained a word from the server's dictionary
ERR_DICTIONARY_VALIDATOR_NO_SUCH_FILE_461=The specified dictionary file \
 %s does not exist
ERR_DICTIONARY_VALIDATOR_CANNOT_READ_FILE_462=An error occurred while \
 attempting to load the dictionary from file %s: %s
ERR_ATTRVALUE_VALIDATOR_PASSWORD_IN_ENTRY_463=The provided password was \
 found in another attribute in the user entry
ERR_CHARSET_VALIDATOR_ILLEGAL_CHARACTER_464=The provided password \
 contained character '%s' which is not allowed for use in passwords
ERR_CHARSET_VALIDATOR_TOO_FEW_CHARS_FROM_SET_465=The provided password \
 did not contain enough characters from the character set '%s'. The minimum \
 number of characters from that set that must be present in user passwords is \
 %d
ERR_CHARSET_VALIDATOR_NO_SET_COLON_466=The provided character set \
 definition '%s' is invalid because it does not contain a colon to separate \
 the minimum count from the character set
ERR_CHARSET_VALIDATOR_NO_SET_CHARS_467=The provided character set definition \
 '%s' is invalid because the provided character set is empty
ERR_CHARSET_VALIDATOR_INVALID_SET_COUNT_468=The provided character set \
 definition '%s' is invalid because the value before the colon must be an \
 integer greater or equal to zero
ERR_CHARSET_VALIDATOR_DUPLICATE_CHAR_469=The provided character set \
 definition '%s' is invalid because it contains character '%s' which has \
 already been used
ERR_VIRTUAL_STATIC_GROUP_MULTIPLE_TARGETS_470=The virtual static group \
 defined in entry %s contains multiple target group DNs, but only one is \
 allowed
ERR_VIRTUAL_STATIC_GROUP_CANNOT_DECODE_TARGET_471=Unable to decode "%s" \
 as the target DN for group %s: %s
ERR_VIRTUAL_STATIC_GROUP_NO_TARGET_472=The virtual static group defined \
 in entry %s does not contain a target group definition
ERR_VIRTUAL_STATIC_GROUP_NESTING_NOT_SUPPORTED_473=Virtual static groups \
 do not support nesting
ERR_VIRTUAL_STATIC_GROUP_NO_TARGET_GROUP_474=Target group %s referenced \
 by virtual static group %s does not exist
ERR_VIRTUAL_STATIC_GROUP_ALTERING_MEMBERS_NOT_SUPPORTED_475=Altering \
 membership for virtual static group %s is not allowed
ERR_VIRTUAL_STATIC_GROUP_TARGET_CANNOT_BE_VIRTUAL_476=Virtual static \
 group %s references target group %s which is itself a virtual static group. \
 One virtual static group is not allowed to reference another as its target \
 group
ERR_ENTRYUUID_VATTR_NOT_SEARCHABLE_501=The %s attribute is not \
 searchable and should not be included in otherwise unindexed search filters
ERR_PWPSTATE_EXTOP_NO_PRIVILEGE_502=You do not have sufficient \
 privileges to use the password policy state extended operation
ERR_PWPSTATE_EXTOP_NO_REQUEST_VALUE_503=The provided password policy \
 state extended request did not include a request value
ERR_PWPSTATE_EXTOP_DECODE_FAILURE_504=An unexpected error occurred \
 while attempting to decode password policy state extended request value: %s
ERR_PWPSTATE_EXTOP_MULTIPLE_ENTRIES_505=Multiple entries were found \
 with DN %s
ERR_PWPSTATE_EXTOP_INVALID_OP_ENCODING_506=An unexpected error \
 occurred while attempting to decode an operation from the password policy \
 state extended request: %s
ERR_PWPSTATE_EXTOP_NO_DISABLED_VALUE_507=No value was provided for the \
 password policy state operation intended to set the disabled state for the \
 user. Exactly one value (either 'true' or 'false') must be given
ERR_PWPSTATE_EXTOP_BAD_DISABLED_VALUE_COUNT_508=Multiple values were \
 provided for the password policy state operation intended to set the disabled \
 state for the user. Exactly one value (either 'true' or 'false') must be \
 given
ERR_PWPSTATE_EXTOP_BAD_DISABLED_VALUE_509=The value provided for the \
 password policy state operation intended to set the disabled state for the \
 user was invalid. The value must be either 'true' or 'false'
ERR_PWPSTATE_EXTOP_BAD_ACCT_EXP_VALUE_COUNT_510=Multiple values were \
 provided for the password policy state operation intended to set the account \
 expiration time for the user. Exactly one value must be given
ERR_PWPSTATE_EXTOP_BAD_ACCT_EXP_VALUE_511=The value %s provided for \
 the password policy state operation used to set the account expiration time \
 was invalid: %s. The value should be specified using the generalized time \
 format
ERR_PWPSTATE_EXTOP_BAD_PWCHANGETIME_VALUE_COUNT_512=Multiple values \
 were provided for the password policy state operation intended to set the \
 password changed time for the user. Exactly one value must be given
ERR_PWPSTATE_EXTOP_BAD_PWCHANGETIME_VALUE_513=The value %s provided \
 for the password policy state operation used to set the password changed time \
 was invalid: %s. The value should be specified using the generalized time \
 format
ERR_PWPSTATE_EXTOP_BAD_PWWARNEDTIME_VALUE_COUNT_514=Multiple values \
 were provided for the password policy state operation intended to set the \
 password warned time for the user. Exactly one value must be given
ERR_PWPSTATE_EXTOP_BAD_PWWARNEDTIME_VALUE_515=The value %s provided \
 for the password policy state operation used to set the password warned time \
 was invalid: %s. The value should be specified using the generalized time \
 format
ERR_PWPSTATE_EXTOP_BAD_ADD_FAILURE_TIME_COUNT_516=Multiple values were \
 provided for the password policy state operation intended to add an \
 authentication failure time for the user. Exactly one value must be given
ERR_PWPSTATE_EXTOP_BAD_AUTH_FAILURE_TIME_517=The value %s provided for \
 the password policy state operation used to update the authentication failure \
 times was invalid: %s. The value should be specified using the generalized \
 time format
ERR_PWPSTATE_EXTOP_BAD_LAST_LOGIN_TIME_COUNT_518=Multiple values were \
 provided for the password policy state operation intended to set the last \
 login time for the user. Exactly one value must be given
ERR_PWPSTATE_EXTOP_BAD_LAST_LOGIN_TIME_519=The value %s provided for \
 the password policy state operation used to set the last login time was \
 invalid: %s. The value should be specified using the generalized time format
ERR_PWPSTATE_EXTOP_NO_RESET_STATE_VALUE_520=No value was provided for \
 the password policy state operation intended to set the reset state for the \
 user. Exactly one value (either 'true' or 'false') must be given
ERR_PWPSTATE_EXTOP_BAD_RESET_STATE_VALUE_COUNT_521=Multiple values \
 were provided for the password policy state operation intended to set the \
 reset state for the user. Exactly one value (either 'true' or 'false') must \
 be given
ERR_PWPSTATE_EXTOP_BAD_RESET_STATE_VALUE_522=The value provided for \
 the password policy state operation intended to set the reset state for the \
 user was invalid. The value must be either 'true' or 'false'
ERR_PWPSTATE_EXTOP_BAD_ADD_GRACE_LOGIN_TIME_COUNT_523=Multiple values \
 were provided for the password policy state operation intended to add a grace \
 login use time for the user. Exactly one value must be given
ERR_PWPSTATE_EXTOP_BAD_GRACE_LOGIN_TIME_524=The value %s provided for \
 the password policy state operation used to update the grace login use times \
 was invalid: %s. The value should be specified using the generalized time \
 format
ERR_PWPSTATE_EXTOP_BAD_REQUIRED_CHANGE_TIME_COUNT_525=Multiple values \
 were provided for the password policy state operation intended to set the \
 required change time for the user. Exactly one value must be given
ERR_PWPSTATE_EXTOP_BAD_REQUIRED_CHANGE_TIME_526=The value %s provided \
 for the password policy state operation used to set the required change time \
 was invalid: %s. The value should be specified using the generalized time \
 format
ERR_PWPSTATE_EXTOP_UNKNOWN_OP_TYPE_527=The password policy state \
 extended request included an operation with an invalid or unsupported \
 operation type of %s
WARN_EXTOP_PASSMOD_CANNOT_UPDATE_PWP_STATE_528=An error occurred while \
 attempting to update the password policy state information for user %s as \
 part of a password modify extended operation (result code='%s', error \
 message='%s')
ERR_EXTOP_PASSMOD_PW_IN_HISTORY_530=The provided new password was \
 already contained in the password history
ERR_SMTPALERTHANDLER_NO_SMTP_SERVERS_531=The Directory Server is not \
 configured with any SMTP servers. The SMTP alert handler cannot be used \
 unless the Directory Server is configured with information about at least one \
 SMTP server
WARN_SMTPALERTHANDLER_ERROR_SENDING_MESSAGE_532=An error occurred when \
 trying to send an e-mail message for administrative alert with type %s and \
 message %s: %s
ERR_REGEXMAP_INVALID_MATCH_PATTERN_533=The provided match pattern "%s" \
 could not be parsed as a regular expression: %s
ERR_REGEXMAP_MULTIPLE_MATCHING_ENTRIES_535=The processed ID string %s \
 mapped to multiple users
ERR_REGEXMAP_INEFFICIENT_SEARCH_536=The internal search based on \
 processed ID string %s could not be processed efficiently: %s. Check the \
 server configuration to ensure that all associated backends are properly \
 configured for these types of searches
ERR_REGEXMAP_SEARCH_FAILED_537=An internal failure occurred while \
 attempting to resolve processed ID string %s to a user entry: %s
ERR_STATICGROUP_ADD_NESTED_GROUP_ALREADY_EXISTS_538=Cannot add group %s \
 as a new nested group of static group %s because that group is already in the \
 nested group list for the group
ERR_STATICGROUP_REMOVE_NESTED_GROUP_NO_SUCH_GROUP_539=Cannot remove \
 group %s as a nested group of static group %s because that group is not \
 included in the nested group list for the group
ERR_STATICGROUP_GROUP_INSTANCE_INVALID_540=Group instance with DN %s has \
 been deleted and is no longer valid
ERR_NUMSUBORDINATES_VATTR_NOT_SEARCHABLE_541=The %s attribute is not \
 searchable and should not be included in otherwise unindexed search filters
ERR_HASSUBORDINATES_VATTR_NOT_SEARCHABLE_542=The %s attribute is not \
 searchable and should not be included in otherwise unindexed search filters
ERR_SMTP_ASNH_NO_MAIL_SERVERS_CONFIGURED_543=The SMTP account status \
 notification handler defined in configuration entry %s cannot be enabled \
 unless the Directory Server is with information about one or more SMTP servers
ERR_SMTP_ASNH_NO_RECIPIENTS_544=SMTP account status notification handler \
 configuration entry '%s' does not include any email address attribute types \
 or recipient addresses. At least one of these must be provided
ERR_SMTP_ASNH_SUBJECT_NO_COLON_545=Unable to parse message subject value \
 '%s' from configuration entry '%s' because the value does not contain a \
 colon to separate the notification type from the subject
ERR_SMTP_ASNH_SUBJECT_INVALID_NOTIFICATION_TYPE_546=Unable to parse \
 message subject value '%s' from configuration entry '%s' because '%s' is not \
 a valid account status notification type
ERR_SMTP_ASNH_SUBJECT_DUPLICATE_TYPE_547=The message subject definitions \
 contained in configuration entry '%s' have multiple subjects defined for \
 notification type %s
ERR_SMTP_ASNH_TEMPLATE_NO_COLON_548=Unable to parse message template \
 file path value '%s' from configuration entry '%s' because the value does \
 not contain a colon to separate the notification type from the template file \
 path
ERR_SMTP_ASNH_TEMPLATE_INVALID_NOTIFICATION_TYPE_549=Unable to parse \
 message template file path value '%s' from configuration entry '%s' because \
 '%s' is not a valid account status notification type
ERR_SMTP_ASNH_TEMPLATE_DUPLICATE_TYPE_550=The message template file path \
 definitions contained in configuration entry '%s' have multiple template \
 file paths defined for notification type %s
ERR_SMTP_ASNH_TEMPLATE_NO_SUCH_FILE_551=The message template file '%s' \
 referenced in configuration entry '%s' does not exist
ERR_SMTP_ASNH_TEMPLATE_UNCLOSED_TOKEN_552=An unclosed token was found \
 starting at column %d of line %d
ERR_SMTP_ASNH_TEMPLATE_UNDEFINED_ATTR_TYPE_553=The \
 notification-user-attr token starting at column %d of line %d references \
 undefined attribute type %s
ERR_SMTP_ASNH_TEMPLATE_UNDEFINED_PROPERTY_554=The \
 notification-property token starting at column %d of line %d references \
 undefined notification property %s
ERR_SMTP_ASNH_TEMPLATE_UNRECOGNIZED_TOKEN_555=An unrecognized token %s \
 was found at column %d of line %d
ERR_SMTP_ASNH_TEMPLATE_CANNOT_PARSE_556=An error occurred while \
 attempting to parse message template file '%s' referenced in configuration \
 entry '%s': %s
INFO_SMTP_ASNH_DEFAULT_SUBJECT_557=Directory Account Status Notification
ERR_SMTP_ASNH_CANNOT_SEND_MESSAGE_558=An error occurred while \
 attempting to send an account status notification message for notification \
 type %s for user entry %s: %s
ERR_PWSCHEME_CANNOT_ENCRYPT_559=An error occurred while trying to \
 encrypt a value using password storage scheme %s: %s
ERR_PWSCHEME_CANNOT_DECRYPT_560=An error occurred while trying to \
 decrypt a value using password storage scheme %s: %s
ERR_GET_SYMMETRIC_KEY_NO_VALUE_561=Cannot decode the provided \
 symmetric key extended operation because it does not have a value
ERR_GET_SYMMETRIC_KEY_ASN1_DECODE_EXCEPTION_563=Cannot decode the \
 provided symmetric key extended request: %s
ERR_GET_SYMMETRIC_KEY_DECODE_EXCEPTION_564=An unexpected error occurred \
 while attempting to decode the symmetric key extended request sequence: %s
ERR_EXACTMAP_ATTR_UNINDEXED_565=The exact match identity mapper \
 defined in configuration entry %s references attribute type %s which is does \
 not have an equality index defined in backend %s
ERR_REGEXMAP_ATTR_UNINDEXED_566=The regular expression identity mapper \
 defined in configuration entry %s references attribute type %s which is does \
 not have an equality index defined in backend %s
WARN_SATUACM_ATTR_UNINDEXED_568=The subject attribute to user attribute \
 certificate mapper defined in configuration entry %s references attribute \
 type %s which is does not have an equality index defined in backend %s
NOTE_LOG_EXTENSION_INFORMATION_571=Loaded extension from file '%s' (build %s, \
 revision %s)
ERR_SASL_CREATE_SASL_SERVER_FAILED_572=Failed to create a SASL server \
 for SASL mechanism %s using a server FQDN of %s
ERR_SASL_GSSAPI_KEYTAB_INVALID_573=GSSAPI SASL mechanism handler initalization \
failed because the keytab file %s does not exist
INFO_GSSAPI_STARTED_574=The GSSAPI SASL mechanism handler initialization \
was successful
INFO_GSSAPI_STOPPED_575=The GSSAPI SASL mechanism handler has been stopped
ERR_COLLECTIVEATTRIBUTESUBENTRIES_VATTR_NOT_SEARCHABLE_576=The %s \
 attribute is not searchable and should not be included in otherwise \
 unindexed search filters
ERR_PASSWORDPOLICYSUBENTRY_VATTR_NOT_SEARCHABLE_577=The %s \
 attribute is not searchable and should not be included in otherwise \
 unindexed search filters
ERR_PWSCHEME_INVALID_BASE64_DECODED_STORED_PASSWORD_578=The password \
value %s has been base64-decoded but is too short to be valid
ERR_CHARSET_VALIDATOR_MIN_CHAR_SETS_TOO_SMALL_579=The provided minimum \
 required number of character sets '%d' is invalid because it must at least \
 include all mandatory character sets
ERR_CHARSET_VALIDATOR_MIN_CHAR_SETS_TOO_BIG_580=The provided minimum \
 required number of character sets '%d' is invalid because it is greater than \
 the total number of defined character sets
ERR_CHARSET_VALIDATOR_TOO_FEW_OPTIONAL_CHAR_SETS_581=The provided \
 password did not contain characters from at least %d of the following \
 character sets or ranges: %s
ERR_STATICMEMBERS_CANNOT_DECODE_DN_582=An error occurred while \
 attempting to decode member's DN %s of static group %s: %s
ERR_SASL_ACCOUNT_NOT_LOCAL_583=SASL %s authentication \
 is not supported for user %s because the account is not managed locally
ERR_EXTOP_PASSMOD_ACCOUNT_NOT_LOCAL_584=Password modification is not \
 supported for user %s because the account is not managed locally
ERR_EXTOP_PWPSTATE_ACCOUNT_NOT_LOCAL_585=The password policy state \
 extended operation is not supported for user %s because the account is not \
 managed locally
ERR_LDAP_PTA_MAPPING_ATTRIBUTE_NOT_FOUND_586=The user "%s" could not be \
 authenticated using LDAP PTA policy "%s" because the following \
 mapping attributes were not found in the user's entry: %s
ERR_LDAP_PTA_MAPPED_SEARCH_TOO_MANY_CANDIDATES_587=The user "%s" could \
 not be authenticated using LDAP PTA policy "%s" because the search of base \
 DN "%s" returned more than one entry matching the filter "%s"
ERR_LDAP_PTA_MAPPED_SEARCH_NO_CANDIDATES_588=The user "%s" could \
 not be authenticated using LDAP PTA policy "%s" because the search did not \
 return any entries matching the filter "%s"
ERR_LDAP_PTA_MAPPED_SEARCH_FAILED_589=The user "%s" could \
 not be authenticated using LDAP PTA policy "%s" because the search failed \
 unexpectedly for the following reason: %s
ERR_LDAP_PTA_MAPPED_BIND_FAILED_590=The user "%s" could \
 not be authenticated using LDAP PTA policy "%s" because the bind failed \
 unexpectedly for the following reason: %s
ERR_LDAP_PTA_CONNECT_UNKNOWN_HOST_591=A connection could not be established \
 to the remote LDAP server at %s:%d for LDAP PTA policy "%s" because the host name \
 "%s" could not be resolved to an IP address
ERR_LDAP_PTA_CONNECT_ERROR_592=A connection could not be established \
 to the remote LDAP server at %s:%d for LDAP PTA policy "%s" because the connection \
 was refused. This may indicate that the server is either offline or it is not \
 listening on port %d
ERR_LDAP_PTA_CONNECT_TIMEOUT_593=A connection could not be established \
 to the remote LDAP server at %s:%d for LDAP PTA policy "%s" because the connection \
 attempt timed out. This may indicate that the server is slow to respond, \
 the network is slow, or that there is some other network problem
ERR_LDAP_PTA_CONNECT_SSL_ERROR_594=A connection could not be established \
 to the remote LDAP server at %s:%d for LDAP PTA policy "%s" because SSL \
 negotiation failed for the following reason: %s
ERR_LDAP_PTA_CONNECT_OTHER_ERROR_595=A connection could not be established \
 to the remote LDAP server at %s:%d for LDAP PTA policy "%s" because an unexpected \
 error occurred: %s
ERR_LDAP_PTA_CONNECTION_OTHER_ERROR_596=The connection to the remote LDAP \
 server at %s:%d for LDAP PTA policy "%s" has failed unexpectedly: %s
ERR_LDAP_PTA_CONNECTION_CLOSED_597=The connection to the remote LDAP \
 server at %s:%d for LDAP PTA policy "%s" has been closed unexpectedly
ERR_LDAP_PTA_CONNECTION_TIMEOUT_598=The connection to the remote LDAP \
 server at %s:%d for LDAP PTA policy "%s" has timed out and will be closed. This \
 may indicate that the server is slow to respond, the network is slow, or \
 that there is some other network problem
ERR_LDAP_PTA_CONNECTION_DECODE_ERROR_599=The connection to the remote LDAP \
 server at %s:%d for LDAP PTA policy "%s" has encountered a protocol error while \
 decoding a response from the server and will be closed. The decoding error was: %s
ERR_LDAP_PTA_CONNECTION_WRONG_RESPONSE_600=The connection to the remote LDAP \
 server at %s:%d for LDAP PTA policy "%s" has received an unexpected response \
 from the server and will be closed. The unexpected response message was: %s
ERR_LDAP_PTA_CONNECTION_DISCONNECTING_601=The connection to the remote LDAP \
 server at %s:%d for LDAP PTA policy "%s" has received a disconnect notification \
 with response code %d (%s) and error message "%s"
ERR_LDAP_PTA_CONNECTION_BIND_FAILED_602=The remote LDAP server at %s:%d \
 for LDAP PTA policy "%s" has failed to authenticate user "%s", returning the \
 response code %d (%s) and error message "%s"
ERR_LDAP_PTA_CONNECTION_SEARCH_SIZE_LIMIT_603=The remote LDAP server at %s:%d \
 for LDAP PTA policy "%s" returned multiple matching entries while searching \
 "%s" using the filter "%s"
ERR_LDAP_PTA_CONNECTION_SEARCH_NO_MATCHES_604=The remote LDAP server at %s:%d \
 for LDAP PTA policy "%s" did not return any matching entries while searching \
 "%s" using the filter "%s"
ERR_LDAP_PTA_CONNECTION_SEARCH_FAILED_605=The remote LDAP server at %s:%d \
 for LDAP PTA policy "%s" returned an error while searching "%s" using the \
 filter "%s": response code %d (%s) and error message "%s"
ERR_LDAP_PTA_INVALID_PORT_NUMBER_606=The configuration of LDAP PTA policy \
 "%s" is invalid because the remote LDAP server address "%s" specifies a port \
 number which is invalid. Port numbers should be greater than 0 and less than 65536
ERR_LDAP_PTA_PWD_PROPERTY_NOT_SET_607=The configuration of LDAP PTA policy \
 "%s" is invalid because the Java property %s which should contain the mapped \
 search bind password is not set
ERR_LDAP_PTA_PWD_ENVAR_NOT_SET_608=The configuration of LDAP PTA policy \
 "%s" is invalid because the environment variable %s which should contain the mapped \
 search bind password is not set
ERR_LDAP_PTA_PWD_NO_SUCH_FILE_609=The configuration of LDAP PTA policy \
 "%s" is invalid because the file %s which should contain the mapped search \
 bind password does not exist
ERR_LDAP_PTA_PWD_FILE_CANNOT_READ_610=The configuration of LDAP PTA policy \
 "%s" is invalid because the file %s which should contain the mapped search \
 bind password cannot be read for the following reason: %s
ERR_LDAP_PTA_PWD_FILE_EMPTY_611=The configuration of LDAP PTA policy \
 "%s" is invalid because the file %s which should contain the mapped search \
 bind password is empty
ERR_LDAP_PTA_NO_PWD_613=The configuration of LDAP PTA policy \
 "%s" is invalid because it does not specify the a means for obtaining the mapped \
 search bind password
ERR_ETAG_VATTR_NOT_SEARCHABLE_614=The %s attribute is not \
 searchable and should not be included in otherwise unindexed search filters
ERR_PWDEXPTIME_VATTR_NOT_SEARCHABLE_615=The %s attribute is not \
 searchable and should not be included in otherwise unindexed search filters
ERR_SATUACM_MULTIPLE_SEARCH_MATCHING_ENTRIES_616=The certificate with \
 subject %s mapped to multiple users
ERR_SATUACM_INEFFICIENT_SEARCH_617=The internal search based on \
 the certificate with subject %s could not be processed efficiently: %s. \
 Check the server configuration to ensure that all associated backends are \
 properly configured for these types of searches
ERR_SATUACM_SEARCH_FAILED_618=An internal failure occurred while \
 attempting to map the certificate with subject %s to a user entry: %s
ERR_SDTUACM_MULTIPLE_SEARCH_MATCHING_ENTRIES_619=The certificate with \
 subject %s mapped to multiple users
ERR_SDTUACM_INEFFICIENT_SEARCH_620=The internal search based on \
 the certificate with subject %s could not be processed efficiently: %s. \
 Check the server configuration to ensure that all associated backends are \
 properly configured for these types of searches
ERR_SDTUACM_SEARCH_FAILED_621=An internal failure occurred while \
 attempting to map the certificate with subject %s to a user entry: %s
ERR_FCM_MULTIPLE_SEARCH_MATCHING_ENTRIES_622=The certificate with \
 fingerprint %s mapped to multiple users
ERR_FCM_INEFFICIENT_SEARCH_623=The internal search based on \
 the certificate with fingerprint %s could not be processed efficiently: %s. \
 Check the server configuration to ensure that all associated backends are \
 properly configured for these types of searches
ERR_FCM_SEARCH_FAILED_624=An internal failure occurred while \
 attempting to map the certificate with fingerprint %s to a user entry: %s
ERR_FIRSTCHANGENUMBER_VATTR_NOT_SEARCHABLE_625=The %s attribute is not \
 searchable and should not be included in otherwise unindexed search filters
ERR_LASTCHANGENUMBER_VATTR_NOT_SEARCHABLE_626=The %s attribute is not \
 searchable and should not be included in otherwise unindexed search filters
ERR_LASTCOOKIE_VATTR_NOT_SEARCHABLE_627=The %s attribute is not \
 searchable and should not be included in otherwise unindexed search filters
ERR_CHANGELOGBASEDN_VATTR_NOT_SEARCHABLE_628=The %s attribute is not \
 searchable and should not be included in otherwise unindexed search filters
ERR_CHARSET_VALIDATOR_TOO_FEW_CHARS_FROM_RANGE_629=The provided password \
 did not contain enough characters from the character range '%s'. The minimum \
 number of characters from that range that must be present in user passwords \
 is %d
ERR_CHARSET_VALIDATOR_NO_RANGE_COLON_630=The provided character range \
 definition '%s' is invalid because it does not contain a colon to separate \
 the minimum count from the character range
ERR_CHARSET_VALIDATOR_NO_RANGE_CHARS_631=The provided character range \
 definition '%s' is invalid because it does not contain a colon to separate \
 the minimum count from the character range
ERR_CHARSET_VALIDATOR_INVALID_RANGE_COUNT_632=The provided character \
 range definition '%s' is invalid because the value before the colon must be \
 an integer greater or equal to zero
ERR_CHARSET_VALIDATOR_UNSORTED_RANGE_633=The provided character range \
 definition '%s' is invalid because the range '%s' is reversed
ERR_CHARSET_VALIDATOR_MALFORMED_RANGE_634=The provided character range \
 definition '%s' is invalid because the range '%s' is missing the minus
ERR_CHARSET_VALIDATOR_SHORT_RANGE_635=The provided character range \
 definition '%s' is invalid because the range '%s' is too short
ERR_NO_KEY_ENTRY_IN_KEYSTORE_636=There is no private key entry in keystore %s
INFO_MISSING_KEY_TYPE_IN_ALIASES_637=Handshake for '%s': cipher requires \
 the aliase(s) '%s' \ to contain key(s) of type(s) '%s'.
ERR_PWSCHEME_INVALID_STORED_PASSWORD_638=An error occurred while attempting \
 to match a bcrypt hashed password value:  %s
ERR_LDAP_PTA_INVALID_FILTER_TEMPLATE_639=The mapped search filter template "%s" \
 could not be parsed as a valid LDAP filter