<testng-results>
  <reporter-output>
  </reporter-output>
  <suite name="opends2">
    <groups>
      <group name="precommit">
        <method signature="org.opends.server.replication.service.ReplicationDomainTest.publishAndReceive()" name="publishAndReceive" class="org.opends.server.replication.service.ReplicationDomainTest"/>
      </group>
      <group name="replication">
        <method signature="org.opends.server.replication.service.ReplicationDomainTest.publishAndReceive()" name="publishAndReceive" class="org.opends.server.replication.service.ReplicationDomainTest"/>
      </group>
    </groups>
    <test name="org.opends.server.replication.service.ReplicationDomainTest">
      <class name="org.opends.server.replication.service.ReplicationDomainTest">
        <test-method status="PASS" signature="classCleanUp()" name="classCleanUp" is-config="true" duration-ms="627" started-at="2008-12-12T12:11:07Z" finished-at="2008-12-12T12:11:07Z">
        </test-method>
        <test-method status="PASS" signature="nullMemberVariablesAfterTest()" name="nullMemberVariablesAfterTest" is-config="true" duration-ms="2" started-at="2008-12-12T12:11:07Z" finished-at="2008-12-12T12:11:07Z">
        </test-method>
        <test-method status="PASS" signature="setUp()" name="setUp" is-config="true" duration-ms="11827" started-at="2008-12-12T12:08:09Z" finished-at="2008-12-12T12:08:21Z">
        </test-method>
        <test-method status="PASS" signature="publishAndReceive()" name="publishAndReceive" duration-ms="165333" started-at="2008-12-12T12:08:21Z" finished-at="2008-12-12T12:11:07Z">
        </test-method>
        <test-method status="PASS" signature="shutdownServer()" name="shutdownServer" is-config="true" duration-ms="358" started-at="2008-12-12T12:11:07Z" finished-at="2008-12-12T12:11:08Z">
        </test-method>
        <test-method status="PASS" signature="clearSuccessfulTestParams()" name="clearSuccessfulTestParams" is-config="true" duration-ms="0" started-at="2008-12-12T12:11:07Z" finished-at="2008-12-12T12:11:07Z">
        </test-method>
        <test-method status="PASS" signature="suppressOutput()" name="suppressOutput" is-config="true" duration-ms="14" started-at="2008-12-12T12:08:09Z" finished-at="2008-12-12T12:08:09Z">
        </test-method>
      </class>
    </test>
  </suite>
</testng-results>
