<?xml version="1.0" encoding="UTF-8"?>
<testsuite name="org.opends.sdk.schema.SchemaUtilsTest" failures="0" tests="71" time="0.394" errors="0">
  <properties/>
  <testcase name="testReadOIDValid" time="0.018" classname="org.opends.sdk.schema.SchemaUtilsTest"/>
  <testcase name="testReadOIDValid" time="0.0010" classname="org.opends.sdk.schema.SchemaUtilsTest"/>
  <testcase name="testReadOIDValid" time="0.0010" classname="org.opends.sdk.schema.SchemaUtilsTest"/>
  <testcase name="testReadOIDValid" time="0.0010" classname="org.opends.sdk.schema.SchemaUtilsTest"/>
  <testcase name="testReadOIDValid" time="0.0010" classname="org.opends.sdk.schema.SchemaUtilsTest"/>
  <testcase name="testReadOIDValid" time="0.0010" classname="org.opends.sdk.schema.SchemaUtilsTest"/>
  <testcase name="testReadOIDValid" time="0.0010" classname="org.opends.sdk.schema.SchemaUtilsTest"/>
  <testcase name="testReadOIDValid" time="0.0010" classname="org.opends.sdk.schema.SchemaUtilsTest"/>
  <testcase name="testReadOIDValid" time="0.0010" classname="org.opends.sdk.schema.SchemaUtilsTest"/>
  <testcase name="testReadOIDValid" time="0.0010" classname="org.opends.sdk.schema.SchemaUtilsTest"/>
  <testcase name="testReadOIDValid" time="0.0030" classname="org.opends.sdk.schema.SchemaUtilsTest"/>
  <testcase name="testReadOIDValid" time="0.0010" classname="org.opends.sdk.schema.SchemaUtilsTest"/>
  <testcase name="testReadOIDValid" time="0.0010" classname="org.opends.sdk.schema.SchemaUtilsTest"/>
  <testcase name="testReadOIDValid" time="0.0010" classname="org.opends.sdk.schema.SchemaUtilsTest"/>
  <testcase name="testReadOIDValid" time="0.0010" classname="org.opends.sdk.schema.SchemaUtilsTest"/>
  <testcase name="testReadOIDValid" time="0.0020" classname="org.opends.sdk.schema.SchemaUtilsTest"/>
  <testcase name="testReadOIDValid" time="0.0010" classname="org.opends.sdk.schema.SchemaUtilsTest"/>
  <testcase name="testReadOIDValid" time="0.0010" classname="org.opends.sdk.schema.SchemaUtilsTest"/>
  <testcase name="testReadOIDValid" time="0.0010" classname="org.opends.sdk.schema.SchemaUtilsTest"/>
  <testcase name="testReadOIDValid" time="0.0010" classname="org.opends.sdk.schema.SchemaUtilsTest"/>
  <testcase name="testReadOIDValid" time="0.0010" classname="org.opends.sdk.schema.SchemaUtilsTest"/>
  <testcase name="testReadOIDValid" time="0.0010" classname="org.opends.sdk.schema.SchemaUtilsTest"/>
  <testcase name="testReadOIDValid" time="0.0010" classname="org.opends.sdk.schema.SchemaUtilsTest"/>
  <testcase name="testReadOIDValid" time="0.0010" classname="org.opends.sdk.schema.SchemaUtilsTest"/>
  <testcase name="testReadOIDValid" time="0.0010" classname="org.opends.sdk.schema.SchemaUtilsTest"/>
  <testcase name="testReadOIDValid" time="0.0010" classname="org.opends.sdk.schema.SchemaUtilsTest"/>
  <testcase name="testReadOIDValid" time="0.0010" classname="org.opends.sdk.schema.SchemaUtilsTest"/>
  <testcase name="testReadOIDValid" time="0.0010" classname="org.opends.sdk.schema.SchemaUtilsTest"/>
  <testcase name="testReadOIDValid" time="0.0010" classname="org.opends.sdk.schema.SchemaUtilsTest"/>
  <testcase name="testReadOIDValid" time="0.0010" classname="org.opends.sdk.schema.SchemaUtilsTest"/>
  <testcase name="testReadOIDValid" time="0.0010" classname="org.opends.sdk.schema.SchemaUtilsTest"/>
  <testcase name="testReadOIDValid" time="0.0010" classname="org.opends.sdk.schema.SchemaUtilsTest"/>
  <testcase name="testReadOIDValid" time="0.0" classname="org.opends.sdk.schema.SchemaUtilsTest"/>
  <testcase name="testReadOIDValid" time="0.0010" classname="org.opends.sdk.schema.SchemaUtilsTest"/>
  <testcase name="testReadOIDValid" time="0.0010" classname="org.opends.sdk.schema.SchemaUtilsTest"/>
  <testcase name="testReadOIDValid" time="0.0010" classname="org.opends.sdk.schema.SchemaUtilsTest"/>
  <testcase name="testReadOIDValid" time="0.0010" classname="org.opends.sdk.schema.SchemaUtilsTest"/>
  <testcase name="testReadOIDValid" time="0.0010" classname="org.opends.sdk.schema.SchemaUtilsTest"/>
  <testcase name="testReadOIDValid" time="0.0010" classname="org.opends.sdk.schema.SchemaUtilsTest"/>
  <testcase name="testReadOIDValid" time="0.0010" classname="org.opends.sdk.schema.SchemaUtilsTest"/>
  <testcase name="testReadOIDValid" time="0.0" classname="org.opends.sdk.schema.SchemaUtilsTest"/>
  <testcase name="testReadOIDValid" time="0.0" classname="org.opends.sdk.schema.SchemaUtilsTest"/>
  <testcase name="testReadOIDValid" time="0.0010" classname="org.opends.sdk.schema.SchemaUtilsTest"/>
  <testcase name="testReadOIDValid" time="0.0010" classname="org.opends.sdk.schema.SchemaUtilsTest"/>
  <testcase name="testReadOIDValid" time="0.0010" classname="org.opends.sdk.schema.SchemaUtilsTest"/>
  <testcase name="testReadOIDValid" time="0.0010" classname="org.opends.sdk.schema.SchemaUtilsTest"/>
  <testcase name="testReadOIDValid" time="0.0010" classname="org.opends.sdk.schema.SchemaUtilsTest"/>
  <testcase name="testReadOIDValid" time="0.0010" classname="org.opends.sdk.schema.SchemaUtilsTest"/>
  <testcase name="testReadOIDValid" time="0.0010" classname="org.opends.sdk.schema.SchemaUtilsTest"/>
  <testcase name="testReadOIDValid" time="0.0010" classname="org.opends.sdk.schema.SchemaUtilsTest"/>
  <testcase name="testReadOIDValid" time="0.0010" classname="org.opends.sdk.schema.SchemaUtilsTest"/>
  <testcase name="testReadOIDValid" time="0.0010" classname="org.opends.sdk.schema.SchemaUtilsTest"/>
  <testcase name="testReadOIDValid" time="0.0010" classname="org.opends.sdk.schema.SchemaUtilsTest"/>
  <testcase name="testReadOIDValid" time="0.0010" classname="org.opends.sdk.schema.SchemaUtilsTest"/>
  <testcase name="testReadOIDValid" time="0.0" classname="org.opends.sdk.schema.SchemaUtilsTest"/>
  <testcase name="testReadOIDValid" time="0.0" classname="org.opends.sdk.schema.SchemaUtilsTest"/>
  <testcase name="testReadOIDValid" time="0.0010" classname="org.opends.sdk.schema.SchemaUtilsTest"/>
  <testcase name="testReadOIDValid" time="0.0010" classname="org.opends.sdk.schema.SchemaUtilsTest"/>
  <testcase name="testReadOIDValid" time="0.0010" classname="org.opends.sdk.schema.SchemaUtilsTest"/>
  <testcase name="testReadOIDValid" time="0.012" classname="org.opends.sdk.schema.SchemaUtilsTest"/>
  <testcase name="testReadOIDInvalid" time="0.151" classname="org.opends.sdk.schema.SchemaUtilsTest"/>
  <testcase name="testReadOIDInvalid" time="0.0090" classname="org.opends.sdk.schema.SchemaUtilsTest"/>
  <testcase name="testReadOIDInvalid" time="0.0010" classname="org.opends.sdk.schema.SchemaUtilsTest"/>
  <testcase name="testReadOIDInvalid" time="0.0010" classname="org.opends.sdk.schema.SchemaUtilsTest"/>
  <testcase name="testReadOIDInvalid" time="0.0010" classname="org.opends.sdk.schema.SchemaUtilsTest"/>
  <testcase name="testReadOIDInvalid" time="0.0010" classname="org.opends.sdk.schema.SchemaUtilsTest"/>
  <testcase name="testReadOIDInvalid" time="0.0020" classname="org.opends.sdk.schema.SchemaUtilsTest"/>
  <testcase name="testReadOIDInvalid" time="0.0010" classname="org.opends.sdk.schema.SchemaUtilsTest"/>
  <testcase name="testReadOIDInvalid" time="0.0010" classname="org.opends.sdk.schema.SchemaUtilsTest"/>
  <testcase name="testReadOIDInvalid" time="0.0010" classname="org.opends.sdk.schema.SchemaUtilsTest"/>
  <testcase name="testReadOIDInvalid" time="0.0030" classname="org.opends.sdk.schema.SchemaUtilsTest"/>
</testsuite>
