<?xml version="1.0" encoding="UTF-8"?>
<testsuite name="org.opends.sdk.schema.SubstitutionSyntaxTestCase" failures="0" tests="10" time="0.597" errors="0">
  <properties/>
  <testcase name="testSubstituteCore2Override" time="0.164" classname="org.opends.sdk.schema.SubstitutionSyntaxTestCase"/>
  <testcase name="testSelfSubstitute1" time="0.341" classname="org.opends.sdk.schema.SubstitutionSyntaxTestCase"/>
  <testcase name="testSubstituteCore2" time="0.0060" classname="org.opends.sdk.schema.SubstitutionSyntaxTestCase"/>
  <testcase name="testSubstituteCore1" time="0.0020" classname="org.opends.sdk.schema.SubstitutionSyntaxTestCase"/>
  <testcase name="testSelfSubstitute2" time="0.01" classname="org.opends.sdk.schema.SubstitutionSyntaxTestCase"/>
  <testcase name="testSubstituteCore1Override" time="0.0020" classname="org.opends.sdk.schema.SubstitutionSyntaxTestCase"/>
  <testcase name="testAcceptableValues" time="0.0030" classname="org.opends.sdk.schema.SubstitutionSyntaxTestCase"/>
  <testcase name="testAcceptableValues" time="0.0040" classname="org.opends.sdk.schema.SubstitutionSyntaxTestCase"/>
  <testcase name="testUndefinedSubstitute1" time="0.0070" classname="org.opends.sdk.schema.SubstitutionSyntaxTestCase"/>
  <testcase name="testUndefinedSubstitute2" time="0.0080" classname="org.opends.sdk.schema.SubstitutionSyntaxTestCase"/>
</testsuite>
